This is pdfTeX, Version 3.141592653-2.6-1.40.26 (TeX Live 2024) (preloaded format=pdflatex 2024.9.11)  8 OCT 2024 22:11
entering extended mode
 restricted \write18 enabled.
 file:line:error style messages enabled.
 %&-line parsing enabled.
**/Users/yanajin/Desktop/PUBH7405/notes/Block9-notes/Block9_latex/block9_yj.tex
(/Users/yanajin/Desktop/PUBH7405/notes/Block9-notes/Block9_latex/block9_yj.tex
LaTeX2e <2024-06-01> patch level 2
L3 programming layer <2024-08-30>
(/usr/local/texlive/2024/texmf-dist/tex/latex/extsizes/extarticle.cls
Document Class: extarticle 1996/10/08 v1.0 Non Standard LaTeX document class
(/usr/local/texlive/2024/texmf-dist/tex/latex/extsizes/size14.clo
File: size14.clo 1999/11/11 v1.4a NON-Standard LaTeX file (size option)
) (/usr/local/texlive/2024/texmf-dist/tex/latex/base/exscale.sty
Package: exscale 2018/09/24 v2.1i Standard LaTeX package exscale
LaTeX Font Info:    Redeclaring symbol font `largesymbols' on input line 57.
LaTeX Font Info:    Overwriting symbol font `largesymbols' in version `normal'
(Font)                  OMX/cmex/m/n --> OMX/cmex/m/n on input line 57.
LaTeX Font Info:    Overwriting symbol font `largesymbols' in version `bold'
(Font)                  OMX/cmex/m/n --> OMX/cmex/m/n on input line 57.
\big@size=\dimen141
)
\c@part=\count194
\c@section=\count195
\c@subsection=\count196
\c@subsubsection=\count197
\c@paragraph=\count198
\c@subparagraph=\count199
\c@figure=\count266
\c@table=\count267
\abovecaptionskip=\skip49
\belowcaptionskip=\skip50
\bibindent=\dimen142
) (/usr/local/texlive/2024/texmf-dist/tex/latex/base/inputenc.sty
Package: inputenc 2024/02/08 v1.3d Input encoding file
\inpenc@prehook=\toks17
\inpenc@posthook=\toks18
) (/usr/local/texlive/2024/texmf-dist/tex/latex/amsmath/amsmath.sty
Package: amsmath 2024/05/23 v2.17q AMS math features
\@mathmargin=\skip51

For additional information on amsmath, use the `?' option.
(/usr/local/texlive/2024/texmf-dist/tex/latex/amsmath/amstext.sty
Package: amstext 2021/08/26 v2.01 AMS text
 (/usr/local/texlive/2024/texmf-dist/tex/latex/amsmath/amsgen.sty
File: amsgen.sty 1999/11/30 v2.0 generic functions
\@emptytoks=\toks19
\ex@=\dimen143
)) (/usr/local/texlive/2024/texmf-dist/tex/latex/amsmath/amsbsy.sty
Package: amsbsy 1999/11/29 v1.2d Bold Symbols
\pmbraise@=\dimen144
) (/usr/local/texlive/2024/texmf-dist/tex/latex/amsmath/amsopn.sty
Package: amsopn 2022/04/08 v2.04 operator names
)
\inf@bad=\count268
LaTeX Info: Redefining \frac on input line 233.
\uproot@=\count269
\leftroot@=\count270
LaTeX Info: Redefining \overline on input line 398.
LaTeX Info: Redefining \colon on input line 409.
\classnum@=\count271
\DOTSCASE@=\count272
LaTeX Info: Redefining \ldots on input line 495.
LaTeX Info: Redefining \dots on input line 498.
LaTeX Info: Redefining \cdots on input line 619.
\Mathstrutbox@=\box52
\strutbox@=\box53
LaTeX Info: Redefining \big on input line 721.
LaTeX Info: Redefining \Big on input line 722.
LaTeX Info: Redefining \bigg on input line 723.
LaTeX Info: Redefining \Bigg on input line 724.
\big@size=\dimen145
LaTeX Font Info:    Redeclaring font encoding OML on input line 742.
LaTeX Font Info:    Redeclaring font encoding OMS on input line 743.
\macc@depth=\count273
LaTeX Info: Redefining \bmod on input line 904.
LaTeX Info: Redefining \pmod on input line 909.
LaTeX Info: Redefining \smash on input line 939.
LaTeX Info: Redefining \relbar on input line 969.
LaTeX Info: Redefining \Relbar on input line 970.
\c@MaxMatrixCols=\count274
\dotsspace@=\muskip17
\c@parentequation=\count275
\dspbrk@lvl=\count276
\tag@help=\toks20
\row@=\count277
\column@=\count278
\maxfields@=\count279
\andhelp@=\toks21
\eqnshift@=\dimen146
\alignsep@=\dimen147
\tagshift@=\dimen148
\tagwidth@=\dimen149
\totwidth@=\dimen150
\lineht@=\dimen151
\@envbody=\toks22
\multlinegap=\skip52
\multlinetaggap=\skip53
\mathdisplay@stack=\toks23
LaTeX Info: Redefining \[ on input line 2953.
LaTeX Info: Redefining \] on input line 2954.
) (/usr/local/texlive/2024/texmf-dist/tex/latex/amsfonts/amsfonts.sty
Package: amsfonts 2013/01/14 v3.01 Basic AMSFonts support
\symAMSa=\mathgroup4
\symAMSb=\mathgroup5
LaTeX Font Info:    Redeclaring math symbol \hbar on input line 98.
LaTeX Font Info:    Overwriting math alphabet `\mathfrak' in version `bold'
(Font)                  U/euf/m/n --> U/euf/b/n on input line 106.
) (/usr/local/texlive/2024/texmf-dist/tex/latex/graphics/graphicx.sty
Package: graphicx 2021/09/16 v1.2d Enhanced LaTeX Graphics (DPC,SPQR)
 (/usr/local/texlive/2024/texmf-dist/tex/latex/graphics/keyval.sty
Package: keyval 2022/05/29 v1.15 key=value parser (DPC)
\KV@toks@=\toks24
) (/usr/local/texlive/2024/texmf-dist/tex/latex/graphics/graphics.sty
Package: graphics 2024/05/23 v1.4g Standard LaTeX Graphics (DPC,SPQR)
 (/usr/local/texlive/2024/texmf-dist/tex/latex/graphics/trig.sty
Package: trig 2023/12/02 v1.11 sin cos tan (DPC)
) (/usr/local/texlive/2024/texmf-dist/tex/latex/graphics-cfg/graphics.cfg
File: graphics.cfg 2016/06/04 v1.11 sample graphics configuration
)
Package graphics Info: Driver file: pdftex.def on input line 106.
 (/usr/local/texlive/2024/texmf-dist/tex/latex/graphics-def/pdftex.def
File: pdftex.def 2024/04/13 v1.2c Graphics/color driver for pdftex
))
\Gin@req@height=\dimen152
\Gin@req@width=\dimen153
) (/usr/local/texlive/2024/texmf-dist/tex/latex/setspace/setspace.sty
Package: setspace 2022/12/04 v6.7b set line spacing
) (/usr/local/texlive/2024/texmf-dist/tex/latex/geometry/geometry.sty
Package: geometry 2020/01/02 v5.9 Page Geometry
 (/usr/local/texlive/2024/texmf-dist/tex/generic/iftex/ifvtex.sty
Package: ifvtex 2019/10/25 v1.7 ifvtex legacy package. Use iftex instead.
 (/usr/local/texlive/2024/texmf-dist/tex/generic/iftex/iftex.sty
Package: iftex 2022/02/03 v1.0f TeX engine tests
))
\Gm@cnth=\count280
\Gm@cntv=\count281
\c@Gm@tempcnt=\count282
\Gm@bindingoffset=\dimen154
\Gm@wd@mp=\dimen155
\Gm@odd@mp=\dimen156
\Gm@even@mp=\dimen157
\Gm@layoutwidth=\dimen158
\Gm@layoutheight=\dimen159
\Gm@layouthoffset=\dimen160
\Gm@layoutvoffset=\dimen161
\Gm@dimlist=\toks25
) (/usr/local/texlive/2024/texmf-dist/tex/latex/enumitem/enumitem.sty
Package: enumitem 2019/06/20 v3.9 Customized lists
\labelindent=\skip54
\enit@outerparindent=\dimen162
\enit@toks=\toks26
\enit@inbox=\box54
\enit@count@id=\count283
\enitdp@description=\count284
) (/usr/local/texlive/2024/texmf-dist/tex/latex/amsfonts/amssymb.sty
Package: amssymb 2013/01/14 v3.01 AMS font symbols
) (/usr/local/texlive/2024/texmf-dist/tex/latex/xcolor/xcolor.sty
Package: xcolor 2023/11/15 v3.01 LaTeX color extensions (UK)
 (/usr/local/texlive/2024/texmf-dist/tex/latex/graphics-cfg/color.cfg
File: color.cfg 2016/01/02 v1.6 sample color configuration
)
Package xcolor Info: Driver file: pdftex.def on input line 274.
 (/usr/local/texlive/2024/texmf-dist/tex/latex/graphics/mathcolor.ltx)
Package xcolor Info: Model `cmy' substituted by `cmy0' on input line 1350.
Package xcolor Info: Model `hsb' substituted by `rgb' on input line 1354.
Package xcolor Info: Model `RGB' extended on input line 1366.
Package xcolor Info: Model `HTML' substituted by `rgb' on input line 1368.
Package xcolor Info: Model `Hsb' substituted by `hsb' on input line 1369.
Package xcolor Info: Model `tHsb' substituted by `hsb' on input line 1370.
Package xcolor Info: Model `HSB' substituted by `hsb' on input line 1371.
Package xcolor Info: Model `Gray' substituted by `gray' on input line 1372.
Package xcolor Info: Model `wave' substituted by `hsb' on input line 1373.
) (/usr/local/texlive/2024/texmf-dist/tex/latex/mathtools/mathtools.sty
Package: mathtools 2024/03/11 v1.30 mathematical typesetting tools
 (/usr/local/texlive/2024/texmf-dist/tex/latex/tools/calc.sty
Package: calc 2023/07/08 v4.3 Infix arithmetic (KKT,FJ)
\calc@Acount=\count285
\calc@Bcount=\count286
\calc@Adimen=\dimen163
\calc@Bdimen=\dimen164
\calc@Askip=\skip55
\calc@Bskip=\skip56
LaTeX Info: Redefining \setlength on input line 80.
LaTeX Info: Redefining \addtolength on input line 81.
\calc@Ccount=\count287
\calc@Cskip=\skip57
) (/usr/local/texlive/2024/texmf-dist/tex/latex/mathtools/mhsetup.sty
Package: mhsetup 2021/03/18 v1.4 programming setup (MH)
)
\g_MT_multlinerow_int=\count288
\l_MT_multwidth_dim=\dimen165
\origjot=\skip58
\l_MT_shortvdotswithinadjustabove_dim=\dimen166
\l_MT_shortvdotswithinadjustbelow_dim=\dimen167
\l_MT_above_intertext_sep=\dimen168
\l_MT_below_intertext_sep=\dimen169
\l_MT_above_shortintertext_sep=\dimen170
\l_MT_below_shortintertext_sep=\dimen171
\xmathstrut@box=\box55
\xmathstrut@dim=\dimen172
) (/usr/local/texlive/2024/texmf-dist/tex/latex/float/float.sty
Package: float 2001/11/08 v1.3d Float enhancements (AL)
\c@float@type=\count289
\float@exts=\toks27
\float@box=\box56
\@float@everytoks=\toks28
\@floatcapt=\box57
) (/usr/local/texlive/2024/texmf-dist/tex/latex/listings/listings.sty
\lst@mode=\count290
\lst@gtempboxa=\box58
\lst@token=\toks29
\lst@length=\count291
\lst@currlwidth=\dimen173
\lst@column=\count292
\lst@pos=\count293
\lst@lostspace=\dimen174
\lst@width=\dimen175
\lst@newlines=\count294
\lst@lineno=\count295
\lst@maxwidth=\dimen176
 (/usr/local/texlive/2024/texmf-dist/tex/latex/listings/lstpatch.sty
File: lstpatch.sty 2024/05/25 1.10b (Carsten Heinz)
) (/usr/local/texlive/2024/texmf-dist/tex/latex/listings/lstmisc.sty
File: lstmisc.sty 2024/05/25 1.10b (Carsten Heinz)
\c@lstnumber=\count296
\lst@skipnumbers=\count297
\lst@framebox=\box59
) (/usr/local/texlive/2024/texmf-dist/tex/latex/listings/listings.cfg
File: listings.cfg 2024/05/25 1.10b listings configuration
))
Package: listings 2024/05/25 1.10b (Carsten Heinz)
 (/usr/local/texlive/2024/texmf-dist/tex/latex/tools/tabularx.sty
Package: tabularx 2023/12/11 v2.12a `tabularx' package (DPC)
 (/usr/local/texlive/2024/texmf-dist/tex/latex/tools/array.sty
Package: array 2024/06/14 v2.6d Tabular extension package (FMi)
\col@sep=\dimen177
\ar@mcellbox=\box60
\extrarowheight=\dimen178
\NC@list=\toks30
\extratabsurround=\skip59
\backup@length=\skip60
\ar@cellbox=\box61
)
\TX@col@width=\dimen179
\TX@old@table=\dimen180
\TX@old@col=\dimen181
\TX@target=\dimen182
\TX@delta=\dimen183
\TX@cols=\count298
\TX@ftn=\toks31
) (/usr/local/texlive/2024/texmf-dist/tex/latex/booktabs/booktabs.sty
Package: booktabs 2020/01/12 v1.61803398 Publication quality tables
\heavyrulewidth=\dimen184
\lightrulewidth=\dimen185
\cmidrulewidth=\dimen186
\belowrulesep=\dimen187
\belowbottomsep=\dimen188
\aboverulesep=\dimen189
\abovetopsep=\dimen190
\cmidrulesep=\dimen191
\cmidrulekern=\dimen192
\defaultaddspace=\dimen193
\@cmidla=\count299
\@cmidlb=\count300
\@aboverulesep=\dimen194
\@belowrulesep=\dimen195
\@thisruleclass=\count301
\@lastruleclass=\count302
\@thisrulewidth=\dimen196
) (/usr/local/texlive/2024/texmf-dist/tex/latex/l3backend/l3backend-pdftex.def
File: l3backend-pdftex.def 2024-05-08 L3 backend support: PDF output (pdfTeX)
\l__color_backend_stack_int=\count303
\l__pdf_internal_box=\box62
) (./block9_yj.aux)
\openout1 = `block9_yj.aux'.

LaTeX Font Info:    Checking defaults for OML/cmm/m/it on input line 41.
LaTeX Font Info:    ... okay on input line 41.
LaTeX Font Info:    Checking defaults for OMS/cmsy/m/n on input line 41.
LaTeX Font Info:    ... okay on input line 41.
LaTeX Font Info:    Checking defaults for OT1/cmr/m/n on input line 41.
LaTeX Font Info:    ... okay on input line 41.
LaTeX Font Info:    Checking defaults for T1/cmr/m/n on input line 41.
LaTeX Font Info:    ... okay on input line 41.
LaTeX Font Info:    Checking defaults for TS1/cmr/m/n on input line 41.
LaTeX Font Info:    ... okay on input line 41.
LaTeX Font Info:    Checking defaults for OMX/cmex/m/n on input line 41.
LaTeX Font Info:    ... okay on input line 41.
LaTeX Font Info:    Checking defaults for U/cmr/m/n on input line 41.
LaTeX Font Info:    ... okay on input line 41.
 (/usr/local/texlive/2024/texmf-dist/tex/context/base/mkii/supp-pdf.mkii
[Loading MPS to PDF converter (version 2006.09.02).]
\scratchcounter=\count304
\scratchdimen=\dimen197
\scratchbox=\box63
\nofMPsegments=\count305
\nofMParguments=\count306
\everyMPshowfont=\toks32
\MPscratchCnt=\count307
\MPscratchDim=\dimen198
\MPnumerator=\count308
\makeMPintoPDFobject=\count309
\everyMPtoPDFconversion=\toks33
) (/usr/local/texlive/2024/texmf-dist/tex/latex/epstopdf-pkg/epstopdf-base.sty
Package: epstopdf-base 2020-01-24 v2.11 Base part for package epstopdf
Package epstopdf-base Info: Redefining graphics rule for `.eps' on input line 485.
 (/usr/local/texlive/2024/texmf-dist/tex/latex/latexconfig/epstopdf-sys.cfg
File: epstopdf-sys.cfg 2010/07/13 v1.3 Configuration of (r)epstopdf for TeX Live
))
*geometry* driver: auto-detecting
*geometry* detected driver: pdftex
*geometry* verbose mode - [ preamble ] result:
* driver: pdftex
* paper: <default>
* layout: <same size as paper>
* layoutoffset:(h,v)=(0.0pt,0.0pt)
* modes: 
* h-part:(L,W,R)=(72.26999pt, 469.75502pt, 72.26999pt)
* v-part:(T,H,B)=(72.26999pt, 650.43001pt, 72.26999pt)
* \paperwidth=614.295pt
* \paperheight=794.96999pt
* \textwidth=469.75502pt
* \textheight=650.43001pt
* \oddsidemargin=0.0pt
* \evensidemargin=0.0pt
* \topmargin=-39.0pt
* \headheight=14.0pt
* \headsep=25.0pt
* \topskip=14.0pt
* \footskip=30.0pt
* \marginparwidth=24.0pt
* \marginparsep=10.0pt
* \columnsep=10.0pt
* \skip\footins=12.0pt plus 4.0pt minus 2.0pt
* \hoffset=0.0pt
* \voffset=0.0pt
* \mag=1000
* \@twocolumnfalse
* \@twosidefalse
* \@mparswitchfalse
* \@reversemarginfalse
* (1in=72.27pt=25.4mm, 1cm=28.453pt)

\c@lstlisting=\count310
<cover.png, id=1, 742.775pt x 740.7675pt>
File: cover.png Graphic file (type png)
<use cover.png>
Package pdftex.def Info: cover.png  used on input line 43.
(pdftex.def)             Requested size: 469.75502pt x 468.4945pt.


[1

 <./cover.png>]
<fig1.png, id=9, 1159.33125pt x 611.28375pt>
File: fig1.png Graphic file (type png)
<use fig1.png>
Package pdftex.def Info: fig1.png  used on input line 53.
(pdftex.def)             Requested size: 469.75502pt x 247.68982pt.
LaTeX Font Info:    Trying to load font information for U+msa on input line 57.
 (/usr/local/texlive/2024/texmf-dist/tex/latex/amsfonts/umsa.fd
File: umsa.fd 2013/01/14 v3.01 AMS symbols A
)
LaTeX Font Info:    Trying to load font information for U+msb on input line 57.
 (/usr/local/texlive/2024/texmf-dist/tex/latex/amsfonts/umsb.fd
File: umsb.fd 2013/01/14 v3.01 AMS symbols B
)

[1{/usr/local/texlive/2024/texmf-var/fonts/map/pdftex/updmap/pdftex.map} <./fig1.png>]
Overfull \hbox (1.32114pt too wide) in paragraph at lines 72--89
[] 
 []



[2]

[3]
Overfull \hbox (5.14958pt too wide) in paragraph at lines 162--173
 [] 
 []

<fig2.png, id=28, 1059.96pt x 203.76125pt>
File: fig2.png Graphic file (type png)
<use fig2.png>
Package pdftex.def Info: fig2.png  used on input line 176.
(pdftex.def)             Requested size: 469.75502pt x 90.30191pt.
<fig3.png, id=29, 1023.825pt x 224.84pt>
File: fig3.png Graphic file (type png)
<use fig3.png>
Package pdftex.def Info: fig3.png  used on input line 180.
(pdftex.def)             Requested size: 469.75502pt x 103.16005pt.
<fig4.png, id=30, 1028.84375pt x 224.84pt>
File: fig4.png Graphic file (type png)
<use fig4.png>
Package pdftex.def Info: fig4.png  used on input line 184.
(pdftex.def)             Requested size: 469.75502pt x 102.65915pt.
<fig5.png, id=31, 1216.545pt x 133.49875pt>
File: fig5.png Graphic file (type png)
<use fig5.png>
Package pdftex.def Info: fig5.png  used on input line 188.
(pdftex.def)             Requested size: 469.75502pt x 51.54892pt.


[4 <./fig2.png> <./fig3.png>]
<fig6.png, id=40, 1152.305pt x 779.91376pt>
File: fig6.png Graphic file (type png)
<use fig6.png>
Package pdftex.def Info: fig6.png  used on input line 192.
(pdftex.def)             Requested size: 469.75502pt x 317.94594pt.
<fig7.png, id=41, 1250.6725pt x 304.13625pt>
File: fig7.png Graphic file (type png)
<use fig7.png>
Package pdftex.def Info: fig7.png  used on input line 196.
(pdftex.def)             Requested size: 469.75502pt x 114.2318pt.
<fig8.png, id=42, 1258.7025pt x 335.2525pt>
File: fig8.png Graphic file (type png)
<use fig8.png>
Package pdftex.def Info: fig8.png  used on input line 200.
(pdftex.def)             Requested size: 469.75502pt x 125.11574pt.
<fig9.png, id=43, 1202.4925pt x 583.17876pt>
File: fig9.png Graphic file (type png)
<use fig9.png>
Package pdftex.def Info: fig9.png  used on input line 204.
(pdftex.def)             Requested size: 469.75502pt x 227.82144pt.


[5 <./fig4.png> <./fig5.png> <./fig6.png> <./fig7.png>]
<fig10.png, id=51, 1264.725pt x 452.69125pt>
File: fig10.png Graphic file (type png)
<use fig10.png>
Package pdftex.def Info: fig10.png  used on input line 208.
(pdftex.def)             Requested size: 469.75502pt x 168.14244pt.
<fig11.png, id=52, 1004.75375pt x 723.70375pt>
File: fig11.png Graphic file (type png)
<use fig11.png>
Package pdftex.def Info: fig11.png  used on input line 212.
(pdftex.def)             Requested size: 469.75502pt x 338.35187pt.
<fig12.png, id=53, 1269.74374pt x 684.5575pt>
File: fig12.png Graphic file (type png)
<use fig12.png>
Package pdftex.def Info: fig12.png  used on input line 216.
(pdftex.def)             Requested size: 469.75502pt x 253.26141pt.


[6 <./fig8.png> <./fig9.png> <./fig10.png>]
<fig13.png, id=61, 1142.2675pt x 725.71124pt>
File: fig13.png Graphic file (type png)
<use fig13.png>
Package pdftex.def Info: fig13.png  used on input line 220.
(pdftex.def)             Requested size: 469.75502pt x 298.44048pt.
<fig14.png, id=62, 1175.39125pt x 540.0175pt>
File: fig14.png Graphic file (type png)
<use fig14.png>
Package pdftex.def Info: fig14.png  used on input line 224.
(pdftex.def)             Requested size: 469.75502pt x 215.82188pt.


[7 <./fig11.png> <./fig12.png>]
<fig15.png, id=68, 975.645pt x 784.9325pt>
File: fig15.png Graphic file (type png)
<use fig15.png>
Package pdftex.def Info: fig15.png  used on input line 228.
(pdftex.def)             Requested size: 469.75502pt x 377.93707pt.


[8 <./fig13.png> <./fig14.png>]

[9 <./fig15.png>]
<fig16.png, id=78, 1239.63126pt x 364.36125pt>
File: fig16.png Graphic file (type png)
<use fig16.png>
Package pdftex.def Info: fig16.png  used on input line 233.
(pdftex.def)             Requested size: 469.75502pt x 138.06952pt.
<fig17.png, id=79, 1258.7025pt x 717.68124pt>
File: fig17.png Graphic file (type png)
<use fig17.png>
Package pdftex.def Info: fig17.png  used on input line 237.
(pdftex.def)             Requested size: 469.75502pt x 267.83759pt.
<fig18.png, id=80, 1234.6125pt x 369.38pt>
File: fig18.png Graphic file (type png)
<use fig18.png>
Package pdftex.def Info: fig18.png  used on input line 241.
(pdftex.def)             Requested size: 469.75502pt x 140.5462pt.
<fig19.png, id=81, 1202.4925pt x 774.895pt>
File: fig19.png Graphic file (type png)
<use fig19.png>
Package pdftex.def Info: fig19.png  used on input line 245.
(pdftex.def)             Requested size: 469.75502pt x 302.71626pt.
<fig20.png, id=82, 1237.62375pt x 398.48875pt>
File: fig20.png Graphic file (type png)
<use fig20.png>
Package pdftex.def Info: fig20.png  used on input line 249.
(pdftex.def)             Requested size: 469.75502pt x 151.25096pt.


[10 <./fig16.png> <./fig17.png> <./fig18.png>]
<fig21.png, id=89, 1236.62pt x 259.97125pt>
File: fig21.png Graphic file (type png)
<use fig21.png>
Package pdftex.def Info: fig21.png  used on input line 253.
(pdftex.def)             Requested size: 469.75502pt x 98.7544pt.
<fig22.png, id=90, 1205.50375pt x 711.65875pt>
File: fig22.png Graphic file (type png)
<use fig22.png>
Package pdftex.def Info: fig22.png  used on input line 261.
(pdftex.def)             Requested size: 469.75502pt x 277.3069pt.


[11 <./fig19.png> <./fig20.png> <./fig21.png>]
Overfull \hbox (2.77599pt too wide) detected at line 275
\OML/cmm/m/it/14.4 E\OT1/cmr/m/n/14.4 ([][] \OMS/cmsy/m/n/14.4 j []\OT1/cmr/m/n/14.4 ([][]) = \OML/cmm/m/it/14.4 x; []\OT1/cmr/m/n/14.4 ) = \OML/cmm/m/it/14.4 ^^L[] \OT1/cmr/m/n/14.4 + \OML/cmm/m/it/14.4 ^^L[]U[] \OT1/cmr/m/n/14.4 + \OML/cmm/m/it/14.4 ^^L[]U[] \OT1/cmr/m/n/14.4 + \OML/cmm/m/it/14.4 ^^L[]x \OT1/cmr/m/n/14.4 + \OML/cmm/m/it/14.4 ^^L[]U[]x \OT1/cmr/m/n/14.4 + \OML/cmm/m/it/14.4 ^^L[]U[]x
 []

<fig23.png, id=97, 1131.22626pt x 389.455pt>
File: fig23.png Graphic file (type png)
<use fig23.png>
Package pdftex.def Info: fig23.png  used on input line 288.
(pdftex.def)             Requested size: 469.75502pt x 161.72183pt.
<fig24.png, id=98, 1164.35pt x 609.27625pt>
File: fig24.png Graphic file (type png)
<use fig24.png>
Package pdftex.def Info: fig24.png  used on input line 292.
(pdftex.def)             Requested size: 446.26582pt x 233.51689pt.


[12 <./fig22.png>]
Underfull \hbox (badness 10000) in paragraph at lines 294--303

 []



[13 <./fig23.png> <./fig24.png>]

[14{/usr/local/texlive/2024/texmf-dist/fonts/enc/dvips/cm-super/cm-super-ts1.enc}]
<fig25.png, id=114, 1258.7025pt x 785.93625pt>
File: fig25.png Graphic file (type png)
<use fig25.png>
Package pdftex.def Info: fig25.png  used on input line 373.
(pdftex.def)             Requested size: 469.75502pt x 293.31026pt.
<fig26.png, id=115, 1211.52625pt x 785.93625pt>
File: fig26.png Graphic file (type png)
<use fig26.png>
Package pdftex.def Info: fig26.png  used on input line 377.
(pdftex.def)             Requested size: 469.75502pt x 304.73903pt.


[15]
<fig27.png, id=120, 1110.1475pt x 779.91376pt>
File: fig27.png Graphic file (type png)
<use fig27.png>
Package pdftex.def Info: fig27.png  used on input line 381.
(pdftex.def)             Requested size: 469.75502pt x 330.01305pt.


[16 <./fig25.png> <./fig26.png>]

[17 <./fig27.png>]
<fig28.png, id=130, 1263.72125pt x 460.72125pt>
File: fig28.png Graphic file (type png)
<use fig28.png>
Package pdftex.def Info: fig28.png  used on input line 399.
(pdftex.def)             Requested size: 469.75502pt x 171.25858pt.
<fig29.png, id=131, 1216.545pt x 679.53876pt>
File: fig29.png Graphic file (type png)
<use fig29.png>
Package pdftex.def Info: fig29.png  used on input line 403.
(pdftex.def)             Requested size: 469.75502pt x 262.39572pt.


[18 <./fig28.png> <./fig29.png>]
Underfull \hbox (badness 10000) in paragraph at lines 413--415

 []


Underfull \hbox (badness 10000) in paragraph at lines 417--419

 []



[19]
<fig30.png, id=141, 1142.2675pt x 681.54625pt>
File: fig30.png Graphic file (type png)
<use fig30.png>
Package pdftex.def Info: fig30.png  used on input line 439.
(pdftex.def)             Requested size: 469.75502pt x 280.27814pt.


[20 <./fig30.png>]
<fig31.png, id=146, 1171.37625pt x 695.59875pt>
File: fig31.png Graphic file (type png)
<use fig31.png>
Package pdftex.def Info: fig31.png  used on input line 474.
(pdftex.def)             Requested size: 469.75502pt x 278.95631pt.
<fig32.png, id=147, 870.25125pt x 736.7525pt>
File: fig32.png Graphic file (type png)
<use fig32.png>
Package pdftex.def Info: fig32.png  used on input line 481.
(pdftex.def)             Requested size: 446.26582pt x 377.81856pt.


[21 <./fig31.png>]
<fig33.png, id=153, 966.61125pt x 746.79pt>
File: fig33.png Graphic file (type png)
<use fig33.png>
Package pdftex.def Info: fig33.png  used on input line 499.
(pdftex.def)             Requested size: 446.26582pt x 344.78102pt.


[22 <./fig32.png>]
<fig34.png, id=158, 768.8725pt x 772.8875pt>
File: fig34.png Graphic file (type png)
<use fig34.png>
Package pdftex.def Info: fig34.png  used on input line 509.
(pdftex.def)             Requested size: 446.26582pt x 448.60527pt.


[23 <./fig33.png>]

[24 <./fig34.png>] (./block9_yj.aux)
 ***********
LaTeX2e <2024-06-01> patch level 2
L3 programming layer <2024-08-30>
 ***********
 ) 
Here is how much of TeX's memory you used:
 6541 strings out of 473579
 101555 string characters out of 5728228
 503311 words of memory out of 5000000
 29370 multiletter control sequences out of 15000+600000
 563403 words of font info for 56 fonts, out of 8000000 for 9000
 1141 hyphenation exceptions out of 8191
 57i,12n,65p,303b,308s stack positions out of 10000i,1000n,20000p,200000b,200000s
</usr/local/texlive/2024/texmf-dist/fonts/type1/public/amsfonts/cm/cmbx12.pfb></usr/local/texlive/2024/texmf-dist/fonts/type1/public/amsfonts/cm/cmbxti10.pfb></usr/local/texlive/2024/texmf-dist/fonts/type1/public/amsfonts/cm/cmex10.pfb></usr/local/texlive/2024/texmf-dist/fonts/type1/public/amsfonts/cm/cmmi10.pfb></usr/local/texlive/2024/texmf-dist/fonts/type1/public/amsfonts/cm/cmmi12.pfb></usr/local/texlive/2024/texmf-dist/fonts/type1/public/amsfonts/cm/cmmi7.pfb></usr/local/texlive/2024/texmf-dist/fonts/type1/public/amsfonts/cm/cmr10.pfb></usr/local/texlive/2024/texmf-dist/fonts/type1/public/amsfonts/cm/cmr12.pfb></usr/local/texlive/2024/texmf-dist/fonts/type1/public/amsfonts/cm/cmr7.pfb></usr/local/texlive/2024/texmf-dist/fonts/type1/public/amsfonts/cm/cmsy10.pfb></usr/local/texlive/2024/texmf-dist/fonts/type1/public/amsfonts/cm/cmsy7.pfb></usr/local/texlive/2024/texmf-dist/fonts/type1/public/amsfonts/cm/cmti12.pfb></usr/local/texlive/2024/texmf-dist/fonts/type1/public/amsfonts/cm/cmtt12.pfb></usr/local/texlive/2024/texmf-dist/fonts/type1/public/amsfonts/symbols/msam10.pfb></usr/local/texlive/2024/texmf-dist/fonts/type1/public/cm-super/sfrm1440.pfb>
Output written on block9_yj.pdf (25 pages, 20156218 bytes).
PDF statistics:
 233 PDF objects out of 1000 (max. 8388607)
 104 compressed objects within 2 object streams
 0 named destinations out of 1000 (max. 500000)
 176 words of extra memory for PDF output out of 10000 (max. 10000000)

